[0208/010723:WARNING:resource_bundle.cc(303)] locale_file_path.empty()
[0208/010723:FATAL:cef_context.cc(411)] Check failed: !loaded_locale.empty(). Locale could not be found for en-US
[0208/225602:ERROR:child_process_launcher.cc(326)] Failed to launch child process
[0208/225649:ERROR:child_process_launcher.cc(326)] Failed to launch child process
[0208/235949:ERROR:child_process_launcher.cc(326)] Failed to launch child process
[0209/000031:ERROR:child_process_launcher.cc(326)] Failed to launch child process
[0209/002204:ERROR:child_process_launcher.cc(326)] Failed to launch child process
[0209/002222:ERROR:child_process_launcher.cc(326)] Failed to launch child process
[0209/005003:ERROR:child_process_launcher.cc(326)] Failed to launch child process
[0209/005018:ERROR:child_process_launcher.cc(326)] Failed to launch child process
[0209/005554:INFO:dhcp_proxy_script_adapter_fetcher_win.cc(262)] Error fetching PAC URL from DHCP: 2
[0209/005554:INFO:dhcp_proxy_script_adapter_fetcher_win.cc(262)] Error fetching PAC URL from DHCP: 2
[0209/005554:INFO:dhcp_proxy_script_adapter_fetcher_win.cc(262)] Error fetching PAC URL from DHCP: 2
[0209/005604:INFO:dhcp_proxy_script_adapter_fetcher_win.cc(262)] Error fetching PAC URL from DHCP: 2
[0209/005604:INFO:dhcp_proxy_script_adapter_fetcher_win.cc(262)] Error fetching PAC URL from DHCP: 2
[0209/005604:INFO:dhcp_proxy_script_adapter_fetcher_win.cc(262)] Error fetching PAC URL from DHCP: 2
[0209/034626:INFO:dhcp_proxy_script_adapter_fetcher_win.cc(262)] Error fetching PAC URL from DHCP: 2
[0209/034626:INFO:dhcp_proxy_script_adapter_fetcher_win.cc(262)] Error fetching PAC URL from DHCP: 2
[0209/034626:INFO:dhcp_proxy_script_adapter_fetcher_win.cc(262)] Error fetching PAC URL from DHCP: 2
[0209/034636:INFO:dhcp_proxy_script_adapter_fetcher_win.cc(262)] Error fetching PAC URL from DHCP: 2
[0209/034636:INFO:dhcp_proxy_script_adapter_fetcher_win.cc(262)] Error fetching PAC URL from DHCP: 2
[0209/034636:INFO:dhcp_proxy_script_adapter_fetcher_win.cc(262)] Error fetching PAC URL from DHCP: 2
[0209/034901:INFO:dhcp_proxy_script_adapter_fetcher_win.cc(262)] Error fetching PAC URL from DHCP: 2
[0209/034901:INFO:dhcp_proxy_script_adapter_fetcher_win.cc(262)] Error fetching PAC URL from DHCP: 2
[0209/034901:INFO:dhcp_proxy_script_adapter_fetcher_win.cc(262)] Error fetching PAC URL from DHCP: 2
[0209/034911:INFO:dhcp_proxy_script_adapter_fetcher_win.cc(262)] Error fetching PAC URL from DHCP: 2
[0209/034911:INFO:dhcp_proxy_script_adapter_fetcher_win.cc(262)] Error fetching PAC URL from DHCP: 2
[0209/034911:INFO:dhcp_proxy_script_adapter_fetcher_win.cc(262)] Error fetching PAC URL from DHCP: 2
[0209/035748:INFO:dhcp_proxy_script_adapter_fetcher_win.cc(262)] Error fetching PAC URL from DHCP: 2
[0209/035748:INFO:dhcp_proxy_script_adapter_fetcher_win.cc(262)] Error fetching PAC URL from DHCP: 2
[0209/035748:INFO:dhcp_proxy_script_adapter_fetcher_win.cc(262)] Error fetching PAC URL from DHCP: 2
[0209/035758:INFO:dhcp_proxy_script_adapter_fetcher_win.cc(262)] Error fetching PAC URL from DHCP: 2
[0209/035758:INFO:dhcp_proxy_script_adapter_fetcher_win.cc(262)] Error fetching PAC URL from DHCP: 2
[0209/035758:INFO:dhcp_proxy_script_adapter_fetcher_win.cc(262)] Error fetching PAC URL from DHCP: 2
[0209/042109:INFO:dhcp_proxy_script_adapter_fetcher_win.cc(262)] Error fetching PAC URL from DHCP: 2
[0209/042109:INFO:dhcp_proxy_script_adapter_fetcher_win.cc(262)] Error fetching PAC URL from DHCP: 2
[0209/042109:INFO:dhcp_proxy_script_adapter_fetcher_win.cc(262)] Error fetching PAC URL from DHCP: 2
[0209/042119:INFO:dhcp_proxy_script_adapter_fetcher_win.cc(262)] Error fetching PAC URL from DHCP: 2
[0209/042119:INFO:dhcp_proxy_script_adapter_fetcher_win.cc(262)] Error fetching PAC URL from DHCP: 2
[0209/042119:INFO:dhcp_proxy_script_adapter_fetcher_win.cc(262)] Error fetching PAC URL from DHCP: 2
[0209/061924:INFO:dhcp_proxy_script_adapter_fetcher_win.cc(262)] Error fetching PAC URL from DHCP: 2
[0209/061924:INFO:dhcp_proxy_script_adapter_fetcher_win.cc(262)] Error fetching PAC URL from DHCP: 2
[0209/061924:INFO:dhcp_proxy_script_adapter_fetcher_win.cc(262)] Error fetching PAC URL from DHCP: 2
[0209/061935:INFO:dhcp_proxy_script_adapter_fetcher_win.cc(262)] Error fetching PAC URL from DHCP: 2
[0209/061935:INFO:dhcp_proxy_script_adapter_fetcher_win.cc(262)] Error fetching PAC URL from DHCP: 2
[0209/061935:INFO:dhcp_proxy_script_adapter_fetcher_win.cc(262)] Error fetching PAC URL from DHCP: 2
[0209/064121:INFO:dhcp_proxy_script_adapter_fetcher_win.cc(262)] Error fetching PAC URL from DHCP: 2
[0209/064121:INFO:dhcp_proxy_script_adapter_fetcher_win.cc(262)] Error fetching PAC URL from DHCP: 2
[0209/064121:INFO:dhcp_proxy_script_adapter_fetcher_win.cc(262)] Error fetching PAC URL from DHCP: 2
[0209/064132:INFO:dhcp_proxy_script_adapter_fetcher_win.cc(262)] Error fetching PAC URL from DHCP: 2
[0209/064132:INFO:dhcp_proxy_script_adapter_fetcher_win.cc(262)] Error fetching PAC URL from DHCP: 2
[0209/064132:INFO:dhcp_proxy_script_adapter_fetcher_win.cc(262)] Error fetching PAC URL from DHCP: 2
[0209/074347:INFO:dhcp_proxy_script_adapter_fetcher_win.cc(262)] Error fetching PAC URL from DHCP: 2
[0209/074347:INFO:dhcp_proxy_script_adapter_fetcher_win.cc(262)] Error fetching PAC URL from DHCP: 2
[0209/074347:INFO:dhcp_proxy_script_adapter_fetcher_win.cc(262)] Error fetching PAC URL from DHCP: 2
[0209/074357:INFO:dhcp_proxy_script_adapter_fetcher_win.cc(262)] Error fetching PAC URL from DHCP: 2
[0209/074357:INFO:dhcp_proxy_script_adapter_fetcher_win.cc(262)] Error fetching PAC URL from DHCP: 2
[0209/074357:INFO:dhcp_proxy_script_adapter_fetcher_win.cc(262)] Error fetching PAC URL from DHCP: 2
[0209/084210:INFO:dhcp_proxy_script_adapter_fetcher_win.cc(262)] Error fetching PAC URL from DHCP: 2
[0209/084210:INFO:dhcp_proxy_script_adapter_fetcher_win.cc(262)] Error fetching PAC URL from DHCP: 2
[0209/084210:INFO:dhcp_proxy_script_adapter_fetcher_win.cc(262)] Error fetching PAC URL from DHCP: 2
[0209/084221:INFO:dhcp_proxy_script_adapter_fetcher_win.cc(262)] Error fetching PAC URL from DHCP: 2
[0209/084221:INFO:dhcp_proxy_script_adapter_fetcher_win.cc(262)] Error fetching PAC URL from DHCP: 2
[0209/084221:INFO:dhcp_proxy_script_adapter_fetcher_win.cc(262)] Error fetching PAC URL from DHCP: 2
[0209/084315:INFO:dhcp_proxy_script_adapter_fetcher_win.cc(262)] Error fetching PAC URL from DHCP: 2
[0209/084315:INFO:dhcp_proxy_script_adapter_fetcher_win.cc(262)] Error fetching PAC URL from DHCP: 2
[0209/084315:INFO:dhcp_proxy_script_adapter_fetcher_win.cc(262)] Error fetching PAC URL from DHCP: 2
[0209/084316:ERROR:ipc_channel_win.cc(132)] pipe error: 109
[0209/084331:INFO:child_thread.cc(356)] ChildThread::EnsureConnected()
[0210/050818:INFO:dhcp_proxy_script_adapter_fetcher_win.cc(262)] Error fetching PAC URL from DHCP: 2
[0210/050818:INFO:dhcp_proxy_script_adapter_fetcher_win.cc(262)] Error fetching PAC URL from DHCP: 2
[0210/050818:INFO:dhcp_proxy_script_adapter_fetcher_win.cc(262)] Error fetching PAC URL from DHCP: 2
[0210/050828:INFO:dhcp_proxy_script_adapter_fetcher_win.cc(262)] Error fetching PAC URL from DHCP: 2
[0210/050828:INFO:dhcp_proxy_script_adapter_fetcher_win.cc(262)] Error fetching PAC URL from DHCP: 2
[0210/050828:INFO:dhcp_proxy_script_adapter_fetcher_win.cc(262)] Error fetching PAC URL from DHCP: 2
[0210/050947:INFO:dhcp_proxy_script_adapter_fetcher_win.cc(262)] Error fetching PAC URL from DHCP: 2
[0210/050947:INFO:dhcp_proxy_script_adapter_fetcher_win.cc(262)] Error fetching PAC URL from DHCP: 2
[0210/050947:INFO:dhcp_proxy_script_adapter_fetcher_win.cc(262)] Error fetching PAC URL from DHCP: 2
[0210/050948:ERROR:platform_thread_win.cc(127)] NOT IMPLEMENTED
[0210/051815:INFO:dhcp_proxy_script_adapter_fetcher_win.cc(262)] Error fetching PAC URL from DHCP: 2
[0210/051815:INFO:dhcp_proxy_script_adapter_fetcher_win.cc(262)] Error fetching PAC URL from DHCP: 2
[0210/051815:INFO:dhcp_proxy_script_adapter_fetcher_win.cc(262)] Error fetching PAC URL from DHCP: 2
[0210/051825:INFO:dhcp_proxy_script_adapter_fetcher_win.cc(262)] Error fetching PAC URL from DHCP: 2
[0210/051825:INFO:dhcp_proxy_script_adapter_fetcher_win.cc(262)] Error fetching PAC URL from DHCP: 2
[0210/051825:INFO:dhcp_proxy_script_adapter_fetcher_win.cc(262)] Error fetching PAC URL from DHCP: 2
[0210/052047:INFO:dhcp_proxy_script_adapter_fetcher_win.cc(262)] Error fetching PAC URL from DHCP: 2
[0210/052047:INFO:dhcp_proxy_script_adapter_fetcher_win.cc(262)] Error fetching PAC URL from DHCP: 2
[0210/052047:INFO:dhcp_proxy_script_adapter_fetcher_win.cc(262)] Error fetching PAC URL from DHCP: 2
[0210/052047:ERROR:ipc_channel_win.cc(132)] pipe error: 109
[0210/052047:ERROR:platform_thread_win.cc(127)] NOT IMPLEMENTED
[0210/052200:ERROR:ipc_channel_win.cc(132)] pipe error: 109
[0210/052310:INFO:dhcp_proxy_script_adapter_fetcher_win.cc(262)] Error fetching PAC URL from DHCP: 2
[0210/052310:INFO:dhcp_proxy_script_adapter_fetcher_win.cc(262)] Error fetching PAC URL from DHCP: 2
[0210/052310:INFO:dhcp_proxy_script_adapter_fetcher_win.cc(262)] Error fetching PAC URL from DHCP: 2
[0210/054131:INFO:dhcp_proxy_script_adapter_fetcher_win.cc(262)] Error fetching PAC URL from DHCP: 2
[0210/054131:INFO:dhcp_proxy_script_adapter_fetcher_win.cc(262)] Error fetching PAC URL from DHCP: 2
[0210/054131:INFO:dhcp_proxy_script_adapter_fetcher_win.cc(262)] Error fetching PAC URL from DHCP: 2
[0210/054141:INFO:dhcp_proxy_script_adapter_fetcher_win.cc(262)] Error fetching PAC URL from DHCP: 2
[0210/054141:INFO:dhcp_proxy_script_adapter_fetcher_win.cc(262)] Error fetching PAC URL from DHCP: 2
[0210/054141:INFO:dhcp_proxy_script_adapter_fetcher_win.cc(262)] Error fetching PAC URL from DHCP: 2
[0210/054234:INFO:dhcp_proxy_script_adapter_fetcher_win.cc(262)] Error fetching PAC URL from DHCP: 2
[0210/054234:INFO:dhcp_proxy_script_adapter_fetcher_win.cc(262)] Error fetching PAC URL from DHCP: 2
[0210/054234:INFO:dhcp_proxy_script_adapter_fetcher_win.cc(262)] Error fetching PAC URL from DHCP: 2
[0210/054501:INFO:dhcp_proxy_script_adapter_fetcher_win.cc(262)] Error fetching PAC URL from DHCP: 2
[0210/054501:INFO:dhcp_proxy_script_adapter_fetcher_win.cc(262)] Error fetching PAC URL from DHCP: 2
[0210/054501:INFO:dhcp_proxy_script_adapter_fetcher_win.cc(262)] Error fetching PAC URL from DHCP: 2
[0210/054511:INFO:dhcp_proxy_script_adapter_fetcher_win.cc(262)] Error fetching PAC URL from DHCP: 2
[0210/054511:INFO:dhcp_proxy_script_adapter_fetcher_win.cc(262)] Error fetching PAC URL from DHCP: 2
[0210/054511:INFO:dhcp_proxy_script_adapter_fetcher_win.cc(262)] Error fetching PAC URL from DHCP: 2
